<?xml version="1.0" encoding="UTF-8"?>
<!-- Generated by org.testng.reporters.JUnitReportReporter -->
<testsuite skipped="0" hostname="CL-NB-553" name="tests.Test1" tests="1" failures="0" timestamp="26 jun 2019 22:34:11 GMT" time="4.620" errors="0">
  <testcase name="test1" time="4.620" classname="tests.Test1"/>
</testsuite> <!-- tests.Test1 -->
