<?xml version="1.0" encoding="UTF-8"?>
<!-- Generated by org.testng.reporters.JUnitReportReporter -->
<testsuite skipped="0" hostname="CL-NB-553" name="tests.Test2" tests="1" failures="0" timestamp="26 jun 2019 22:34:29 GMT" time="4.117" errors="0">
  <testcase name="test2" time="4.117" classname="tests.Test2"/>
</testsuite> <!-- tests.Test2 -->
